<?xml version="1.0" encoding="UTF-8"?>
<testsuite xmlns:xsi="http://www.w3.org/2001/XMLSchema-instance" xsi:noNamespaceSchemaLocation="https://maven.apache.org/surefire/maven-surefire-plugin/xsd/surefire-test-report-3.0.xsd" version="3.0" name="dk.sdu.mmmi.cbse.playersystem.PlayerPluginTest" time="0.031" tests="2" errors="0" skipped="0" failures="0">
  <properties>
    <property name="sun.desktop" value="windows"/>
    <property name="awt.toolkit" value="sun.awt.windows.WToolkit"/>
    <property name="file.encoding.pkg" value="sun.io"/>
    <property name="java.specification.version" value="1.8"/>
    <property name="sun.cpu.isalist" value="amd64"/>
    <property name="sun.jnu.encoding" value="Cp1252"/>
    <property name="java.class.path" value="C:\Users\A\Desktop\Lab6\AsteroidsNetbeansModules\Player\target\test-classes;C:\Users\A\Desktop\Lab6\AsteroidsNetbeansModules\Player\target\classes;C:\Users\A\.m2\repository\org\netbeans\api\org-netbeans-api-annotations-common\RELEASE112\org-netbeans-api-annotations-common-RELEASE112.jar;C:\Users\A\.m2\repository\dk\sdu\mmmi\cbse\Common\1.0-SNAPSHOT\Common-1.0-SNAPSHOT.jar;C:\Users\A\.m2\repository\org\netbeans\api\org-openide-modules\RELEASE112\org-openide-modules-RELEASE112.jar;C:\Users\A\.m2\repository\org\netbeans\api\org-openide-util\RELEASE112\org-openide-util-RELEASE112.jar;C:\Users\A\.m2\repository\org\netbeans\api\org-openide-util-ui\RELEASE112\org-openide-util-ui-RELEASE112.jar;C:\Users\A\.m2\repository\org\netbeans\api\org-openide-util-lookup\RELEASE112\org-openide-util-lookup-RELEASE112.jar;C:\Users\A\.m2\repository\dk\sdu\mmmi\cbse\CommonBullet\1.0-SNAPSHOT\CommonBullet-1.0-SNAPSHOT.jar;C:\Users\A\.m2\repository\org\junit\jupiter\junit-jupiter-api\5.6.0\junit-jupiter-api-5.6.0.jar;C:\Users\A\.m2\repository\org\apiguardian\apiguardian-api\1.1.0\apiguardian-api-1.1.0.jar;C:\Users\A\.m2\repository\org\opentest4j\opentest4j\1.2.0\opentest4j-1.2.0.jar;C:\Users\A\.m2\repository\org\junit\platform\junit-platform-commons\1.6.0\junit-platform-commons-1.6.0.jar;C:\Users\A\.m2\repository\org\junit\jupiter\junit-jupiter-params\5.6.0\junit-jupiter-params-5.6.0.jar;C:\Users\A\.m2\repository\org\junit\jupiter\junit-jupiter-engine\5.6.0\junit-jupiter-engine-5.6.0.jar;C:\Users\A\.m2\repository\org\junit\platform\junit-platform-engine\1.6.0\junit-platform-engine-1.6.0.jar;"/>
    <property name="java.vm.vendor" value="Oracle Corporation"/>
    <property name="sun.arch.data.model" value="64"/>
    <property name="user.variant" value=""/>
    <property name="java.vendor.url" value="http://java.oracle.com/"/>
    <property name="user.timezone" value="Europe/Paris"/>
    <property name="java.vm.specification.version" value="1.8"/>
    <property name="os.name" value="Windows 10"/>
    <property name="sun.java.launcher" value="SUN_STANDARD"/>
    <property name="user.country" value="GB"/>
    <property name="sun.boot.library.path" value="C:\Program Files\Java\jdk1.8.0_231\jre\bin"/>
    <property name="sun.java.command" value="C:\Users\A\AppData\Local\Temp\surefire8948971651695427078\surefirebooter7018002993716545606.jar C:\Users\A\AppData\Local\Temp\surefire8948971651695427078 2021-04-20T16-07-02_738-jvmRun1 surefire8529108943895000665tmp surefire_03735686980035735043tmp"/>
    <property name="test" value="dk.sdu.mmmi.cbse.playersystem.PlayerPluginTest"/>
    <property name="surefire.test.class.path" value="C:\Users\A\Desktop\Lab6\AsteroidsNetbeansModules\Player\target\test-classes;C:\Users\A\Desktop\Lab6\AsteroidsNetbeansModules\Player\target\classes;C:\Users\A\.m2\repository\org\netbeans\api\org-netbeans-api-annotations-common\RELEASE112\org-netbeans-api-annotations-common-RELEASE112.jar;C:\Users\A\.m2\repository\dk\sdu\mmmi\cbse\Common\1.0-SNAPSHOT\Common-1.0-SNAPSHOT.jar;C:\Users\A\.m2\repository\org\netbeans\api\org-openide-modules\RELEASE112\org-openide-modules-RELEASE112.jar;C:\Users\A\.m2\repository\org\netbeans\api\org-openide-util\RELEASE112\org-openide-util-RELEASE112.jar;C:\Users\A\.m2\repository\org\netbeans\api\org-openide-util-ui\RELEASE112\org-openide-util-ui-RELEASE112.jar;C:\Users\A\.m2\repository\org\netbeans\api\org-openide-util-lookup\RELEASE112\org-openide-util-lookup-RELEASE112.jar;C:\Users\A\.m2\repository\dk\sdu\mmmi\cbse\CommonBullet\1.0-SNAPSHOT\CommonBullet-1.0-SNAPSHOT.jar;C:\Users\A\.m2\repository\org\junit\jupiter\junit-jupiter-api\5.6.0\junit-jupiter-api-5.6.0.jar;C:\Users\A\.m2\repository\org\apiguardian\apiguardian-api\1.1.0\apiguardian-api-1.1.0.jar;C:\Users\A\.m2\repository\org\opentest4j\opentest4j\1.2.0\opentest4j-1.2.0.jar;C:\Users\A\.m2\repository\org\junit\platform\junit-platform-commons\1.6.0\junit-platform-commons-1.6.0.jar;C:\Users\A\.m2\repository\org\junit\jupiter\junit-jupiter-params\5.6.0\junit-jupiter-params-5.6.0.jar;C:\Users\A\.m2\repository\org\junit\jupiter\junit-jupiter-engine\5.6.0\junit-jupiter-engine-5.6.0.jar;C:\Users\A\.m2\repository\org\junit\platform\junit-platform-engine\1.6.0\junit-platform-engine-1.6.0.jar;"/>
    <property name="sun.cpu.endian" value="little"/>
    <property name="user.home" value="C:\Users\A"/>
    <property name="user.language" value="en"/>
    <property name="java.specification.vendor" value="Oracle Corporation"/>
    <property name="java.home" value="C:\Program Files\Java\jdk1.8.0_231\jre"/>
    <property name="basedir" value="C:\Users\A\Desktop\Lab6\AsteroidsNetbeansModules\Player"/>
    <property name="file.separator" value="\"/>
    <property name="line.separator" value="&#10;"/>
    <property name="java.vm.specification.vendor" value="Oracle Corporation"/>
    <property name="java.specification.name" value="Java Platform API Specification"/>
    <property name="java.awt.graphicsenv" value="sun.awt.Win32GraphicsEnvironment"/>
    <property name="surefire.real.class.path" value="C:\Users\A\AppData\Local\Temp\surefire8948971651695427078\surefirebooter7018002993716545606.jar"/>
    <property name="sun.boot.class.path" value="C:\Program Files\Java\jdk1.8.0_231\jre\lib\resources.jar;C:\Program Files\Java\jdk1.8.0_231\jre\lib\rt.jar;C:\Program Files\Java\jdk1.8.0_231\jre\lib\sunrsasign.jar;C:\Program Files\Java\jdk1.8.0_231\jre\lib\jsse.jar;C:\Program Files\Java\jdk1.8.0_231\jre\lib\jce.jar;C:\Program Files\Java\jdk1.8.0_231\jre\lib\charsets.jar;C:\Program Files\Java\jdk1.8.0_231\jre\lib\jfr.jar;C:\Program Files\Java\jdk1.8.0_231\jre\classes"/>
    <property name="user.script" value=""/>
    <property name="sun.management.compiler" value="HotSpot 64-Bit Tiered Compilers"/>
    <property name="java.runtime.version" value="1.8.0_231-b11"/>
    <property name="user.name" value="A"/>
    <property name="path.separator" value=";"/>
    <property name="os.version" value="10.0"/>
    <property name="java.endorsed.dirs" value="C:\Program Files\Java\jdk1.8.0_231\jre\lib\endorsed"/>
    <property name="java.runtime.name" value="Java(TM) SE Runtime Environment"/>
    <property name="file.encoding" value="UTF-8"/>
    <property name="java.vm.name" value="Java HotSpot(TM) 64-Bit Server VM"/>
    <property name="maven.ext.class.path" value="C:\Program Files\NetBeans-12.3\netbeans\java\maven-nblib\netbeans-eventspy.jar"/>
    <property name="localRepository" value="C:\Users\A\.m2\repository"/>
    <property name="java.vendor.url.bug" value="http://bugreport.sun.com/bugreport/"/>
    <property name="java.io.tmpdir" value="C:\Users\A\AppData\Local\Temp\"/>
    <property name="java.version" value="1.8.0_231"/>
    <property name="user.dir" value="C:\Users\A\Desktop\Lab6\AsteroidsNetbeansModules\Player"/>
    <property name="os.arch" value="amd64"/>
    <property name="java.vm.specification.name" value="Java Virtual Machine Specification"/>
    <property name="java.awt.printerjob" value="sun.awt.windows.WPrinterJob"/>
    <property name="sun.os.patch.level" value=""/>
    <property name="java.library.path" value="C:\Program Files\Java\jdk1.8.0_231\jre\bin;C:\WINDOWS\Sun\Java\bin;C:\WINDOWS\system32;C:\WINDOWS;C:\Program Files\AdoptOpenJDK\jdk-8.0.282.8-openj9\bin;C:\Program Files\AdoptOpenJDK\jdk-11.0.10.9-hotspot\bin;C:\Program Files\AdoptOpenJDK\jdk-8.0.282.8-hotspot\bin;C:\Program Files (x86)\Common Files\Oracle\Java\javapath;C:\Program Files (x86)\Intel\iCLS Client\;C:\Program Files\Intel\iCLS Client\;C:\Windows\system32;C:\Windows;C:\Windows\System32\Wbem;C:\Windows\System32\WindowsPowerShell\v1.0\;C:\Program Files (x86)\NVIDIA Corporation\PhysX\Common;C:\Program Files (x86)\Intel\Intel(R) Management Engine Components\DAL;C:\Program Files\Intel\Intel(R) Management Engine Components\DAL;C:\Program Files (x86)\Intel\Intel(R) Management Engine Components\IPT;C:\Program Files\Intel\Intel(R) Management Engine Components\IPT;C:\WINDOWS\system32;C:\WINDOWS;C:\WINDOWS\System32\Wbem;C:\WINDOWS\System32\WindowsPowerShell\v1.0\;C:\WINDOWS\System32\OpenSSH\;C:\Program Files\NVIDIA Corporation\NVIDIA NvDLISR;C:\Program Files\Git\cmd;C:\Android;C:\Program Files (x86)\Intel\Intel(R) Memory And Storage Tool\;C:\Program Files\nodejs\;C:\Users\A\AppData\Local\Microsoft\WindowsApps;C:\Users\A\AppData\Local\Programs\Microsoft VS Code\bin;C:\Users\A\AppData\Local\GitHubDesktop\bin;C:\Users\A\AppData\Roaming\npm;C:\Program Files\JetBrains\WebStorm 2020.3.1\bin;C:\Program Files\JetBrains\IntelliJ IDEA 2020.3.1\bin;C:\Users\A\AppData\Local\gitkraken\bin;."/>
    <property name="java.vm.info" value="mixed mode"/>
    <property name="java.vendor" value="Oracle Corporation"/>
    <property name="java.vm.version" value="25.231-b11"/>
    <property name="java.ext.dirs" value="C:\Program Files\Java\jdk1.8.0_231\jre\lib\ext;C:\WINDOWS\Sun\Java\lib\ext"/>
    <property name="sun.io.unicode.encoding" value="UnicodeLittle"/>
    <property name="java.class.version" value="52.0"/>
  </properties>
  <testcase name="testStart" classname="dk.sdu.mmmi.cbse.playersystem.PlayerPluginTest" time="0.013">
    <system-out><![CDATA[start
]]></system-out>
  </testcase>
  <testcase name="testStop" classname="dk.sdu.mmmi.cbse.playersystem.PlayerPluginTest" time="0.001">
    <system-out><![CDATA[stop
]]></system-out>
  </testcase>
</testsuite>